Traceback (most recent call last):
  File "/opt/hostedtoolcache/Python/3.8.17/x64/lib/python3.8/site-packages/jupyter_cache/executors/utils.py", line 58, in single_nb_execution
    executenb(
  File "/opt/hostedtoolcache/Python/3.8.17/x64/lib/python3.8/site-packages/nbclient/client.py", line 1305, in execute
    return NotebookClient(nb=nb, resources=resources, km=km, **kwargs).execute()
  File "/opt/hostedtoolcache/Python/3.8.17/x64/lib/python3.8/site-packages/jupyter_core/utils/__init__.py", line 166, in wrapped
    return loop.run_until_complete(inner)
  File "/opt/hostedtoolcache/Python/3.8.17/x64/lib/python3.8/asyncio/base_events.py", line 616, in run_until_complete
    return future.result()
  File "/opt/hostedtoolcache/Python/3.8.17/x64/lib/python3.8/site-packages/nbclient/client.py", line 705, in async_execute
    await self.async_execute_cell(
  File "/opt/hostedtoolcache/Python/3.8.17/x64/lib/python3.8/site-packages/nbclient/client.py", line 1058, in async_execute_cell
    await self._check_raise_for_error(cell, cell_index, exec_reply)
  File "/opt/hostedtoolcache/Python/3.8.17/x64/lib/python3.8/site-packages/nbclient/client.py", line 914, in _check_raise_for_error
    raise CellExecutionError.from_cell_and_msg(cell, exec_reply_content)
nbclient.exceptions.CellExecutionError: An error occurred while executing the following cell:
------------------
import numpy as np
from qiskit.circuit import QuantumCircuit
from qiskit.transpiler.passes.synthesis import SolovayKitaev
from qiskit.quantum_info import Operator

circuit = QuantumCircuit(1)
circuit.rx(0.8, 0)

print("Original circuit:")
print(circuit.draw())

skd = SolovayKitaev(recursion_degree=2)

discretized = skd(circuit)

print("Discretized circuit:")
print(discretized.draw())

print("Error:", np.linalg.norm(Operator(circuit).data - Operator(discretized).data))
------------------


[0;31m---------------------------------------------------------------------------[0m
[0;31mModuleNotFoundError[0m                       Traceback (most recent call last)
Cell [0;32mIn[1], line 2[0m
[1;32m      1[0m [38;5;28;01mimport[39;00m [38;5;21;01mnumpy[39;00m [38;5;28;01mas[39;00m [38;5;21;01mnp[39;00m
[0;32m----> 2[0m [38;5;28;01mfrom[39;00m [38;5;21;01mqiskit[39;00m[38;5;21;01m.[39;00m[38;5;21;01mcircuit[39;00m [38;5;28;01mimport[39;00m QuantumCircuit
[1;32m      3[0m [38;5;28;01mfrom[39;00m [38;5;21;01mqiskit[39;00m[38;5;21;01m.[39;00m[38;5;21;01mtranspiler[39;00m[38;5;21;01m.[39;00m[38;5;21;01mpasses[39;00m[38;5;21;01m.[39;00m[38;5;21;01msynthesis[39;00m [38;5;28;01mimport[39;00m SolovayKitaev
[1;32m      4[0m [38;5;28;01mfrom[39;00m [38;5;21;01mqiskit[39;00m[38;5;21;01m.[39;00m[38;5;21;01mquantum_info[39;00m [38;5;28;01mimport[39;00m Operator

[0;31mModuleNotFoundError[0m: No module named 'qiskit'

